2022-04-11 21:30:11.102 DEBUG [main] [TestLog4j2x.main(TestLog4j2x.java:12)] - Hello this is a debug message
2022-04-11 21:30:11.125 INFO [main] [TestLog4j2x.main(TestLog4j2x.java:13)] - Hello this is an info message
2022-04-11 21:30:11.126 WARN [main] [TestLog4j2x.main(TestLog4j2x.java:14)] - Hello this is a warn message
2022-04-11 21:30:11.126 ERROR [main] [TestLog4j2x.main(TestLog4j2x.java:15)] - Hello this is an error message
2022-04-11 21:30:11.126 FATAL [main] [TestLog4j2x.main(TestLog4j2x.java:16)] - Hello this is a debug message
2022-04-11 21:45:25.863 DEBUG [main] [com.log4j.TestLog4j2x.main(TestLog4j2x.java:14)] - Hello this is a debug message
2022-04-11 21:45:25.865 INFO [main] [com.log4j.TestLog4j2x.main(TestLog4j2x.java:15)] - Hello this is an info message
2022-04-11 21:45:25.870 WARN [main] [com.log4j.TestLog4j2x.main(TestLog4j2x.java:16)] - Hello this is a warn message
2022-04-11 21:45:25.870 ERROR [main] [com.log4j.TestLog4j2x.main(TestLog4j2x.java:17)] - Hello this is an error message
2022-04-11 21:45:25.870 FATAL [main] [com.log4j.TestLog4j2x.main(TestLog4j2x.java:18)] - Hello this is a debug message
2022-04-11 21:46:57.731 DEBUG [main] [com.log4j.TestLog4j2x.main(TestLog4j2x.java:14)] - Hello this is a debug message
2022-04-11 21:46:57.742 INFO [main] [com.log4j.TestLog4j2x.main(TestLog4j2x.java:15)] - Hello this is an info message
2022-04-11 21:46:57.742 WARN [main] [com.log4j.TestLog4j2x.main(TestLog4j2x.java:16)] - Hello this is a warn message
2022-04-11 21:46:57.742 ERROR [main] [com.log4j.TestLog4j2x.main(TestLog4j2x.java:17)] - Hello this is an error message
2022-04-11 21:46:57.742 FATAL [main] [com.log4j.TestLog4j2x.main(TestLog4j2x.java:18)] - Hello this is a debug message
2022-04-11 21:49:26.990 DEBUG [main] [com.log4j.TestLog4j2x.main(TestLog4j2x.java:14)] - Hello this is a debug message
2022-04-11 21:49:26.993 INFO [main] [com.log4j.TestLog4j2x.main(TestLog4j2x.java:15)] - Hello this is an info message
2022-04-11 21:49:26.993 WARN [main] [com.log4j.TestLog4j2x.main(TestLog4j2x.java:16)] - Hello this is a warn message
2022-04-11 21:49:26.993 ERROR [main] [com.log4j.TestLog4j2x.main(TestLog4j2x.java:17)] - Hello this is an error message
2022-04-11 21:49:26.993 FATAL [main] [com.log4j.TestLog4j2x.main(TestLog4j2x.java:18)] - Hello this is a debug message
2022-04-11 21:49:37.471 DEBUG [main] [com.log4j.TestLog4j2x.main(TestLog4j2x.java:14)] - Hello this is a debug message
2022-04-11 21:49:37.473 INFO [main] [com.log4j.TestLog4j2x.main(TestLog4j2x.java:15)] - Hello this is an info message
2022-04-11 21:49:37.473 WARN [main] [com.log4j.TestLog4j2x.main(TestLog4j2x.java:16)] - Hello this is a warn message
2022-04-11 21:49:37.473 ERROR [main] [com.log4j.TestLog4j2x.main(TestLog4j2x.java:17)] - Hello this is an error message
2022-04-11 21:49:37.474 FATAL [main] [com.log4j.TestLog4j2x.main(TestLog4j2x.java:18)] - Hello this is a debug message
2022-04-11 21:49:39.010 DEBUG [main] [com.log4j.TestLog4j2x.main(TestLog4j2x.java:14)] - Hello this is a debug message
2022-04-11 21:49:39.012 INFO [main] [com.log4j.TestLog4j2x.main(TestLog4j2x.java:15)] - Hello this is an info message
2022-04-11 21:49:39.012 WARN [main] [com.log4j.TestLog4j2x.main(TestLog4j2x.java:16)] - Hello this is a warn message
2022-04-11 21:49:39.013 ERROR [main] [com.log4j.TestLog4j2x.main(TestLog4j2x.java:17)] - Hello this is an error message
2022-04-11 21:49:39.013 FATAL [main] [com.log4j.TestLog4j2x.main(TestLog4j2x.java:18)] - Hello this is a debug message
2022-04-11 21:49:40.253 DEBUG [main] [com.log4j.TestLog4j2x.main(TestLog4j2x.java:14)] - Hello this is a debug message
2022-04-11 21:49:40.255 INFO [main] [com.log4j.TestLog4j2x.main(TestLog4j2x.java:15)] - Hello this is an info message
2022-04-11 21:49:40.255 WARN [main] [com.log4j.TestLog4j2x.main(TestLog4j2x.java:16)] - Hello this is a warn message
2022-04-11 21:49:40.255 ERROR [main] [com.log4j.TestLog4j2x.main(TestLog4j2x.java:17)] - Hello this is an error message
2022-04-11 21:49:40.255 FATAL [main] [com.log4j.TestLog4j2x.main(TestLog4j2x.java:18)] - Hello this is a debug message
2022-04-11 21:49:41.997 DEBUG [main] [com.log4j.TestLog4j2x.main(TestLog4j2x.java:14)] - Hello this is a debug message
2022-04-11 21:49:41.999 INFO [main] [com.log4j.TestLog4j2x.main(TestLog4j2x.java:15)] - Hello this is an info message
2022-04-11 21:49:41.999 WARN [main] [com.log4j.TestLog4j2x.main(TestLog4j2x.java:16)] - Hello this is a warn message
2022-04-11 21:49:41.999 ERROR [main] [com.log4j.TestLog4j2x.main(TestLog4j2x.java:17)] - Hello this is an error message
2022-04-11 21:49:42.000 FATAL [main] [com.log4j.TestLog4j2x.main(TestLog4j2x.java:18)] - Hello this is a debug message
2022-04-11 21:49:43.604 DEBUG [main] [com.log4j.TestLog4j2x.main(TestLog4j2x.java:14)] - Hello this is a debug message
2022-04-11 21:49:43.606 INFO [main] [com.log4j.TestLog4j2x.main(TestLog4j2x.java:15)] - Hello this is an info message
2022-04-11 21:49:43.606 WARN [main] [com.log4j.TestLog4j2x.main(TestLog4j2x.java:16)] - Hello this is a warn message
2022-04-11 21:49:43.606 ERROR [main] [com.log4j.TestLog4j2x.main(TestLog4j2x.java:17)] - Hello this is an error message
2022-04-11 21:49:43.606 FATAL [main] [com.log4j.TestLog4j2x.main(TestLog4j2x.java:18)] - Hello this is a debug message
2022-04-11 21:49:46.796 DEBUG [main] [com.log4j.TestLog4j2x.main(TestLog4j2x.java:14)] - Hello this is a debug message
2022-04-11 21:49:46.806 INFO [main] [com.log4j.TestLog4j2x.main(TestLog4j2x.java:15)] - Hello this is an info message
2022-04-11 21:49:46.807 WARN [main] [com.log4j.TestLog4j2x.main(TestLog4j2x.java:16)] - Hello this is a warn message
2022-04-11 21:49:46.807 ERROR [main] [com.log4j.TestLog4j2x.main(TestLog4j2x.java:17)] - Hello this is an error message
2022-04-11 21:49:46.807 FATAL [main] [com.log4j.TestLog4j2x.main(TestLog4j2x.java:18)] - Hello this is a debug message
2022-04-11 21:50:12.467 DEBUG [main] [com.log4j.TestLog4j2x.main(TestLog4j2x.java:14)] - Hello this is a debug message
2022-04-11 21:50:12.478 INFO [main] [com.log4j.TestLog4j2x.main(TestLog4j2x.java:15)] - Hello this is an info message
2022-04-11 21:50:12.478 WARN [main] [com.log4j.TestLog4j2x.main(TestLog4j2x.java:16)] - Hello this is a warn message
2022-04-11 21:50:12.478 ERROR [main] [com.log4j.TestLog4j2x.main(TestLog4j2x.java:17)] - Hello this is an error message
2022-04-11 21:50:12.478 FATAL [main] [com.log4j.TestLog4j2x.main(TestLog4j2x.java:18)] - Hello this is a debug message
2022-04-11 21:50:14.688 DEBUG [main] [com.log4j.TestLog4j2x.main(TestLog4j2x.java:14)] - Hello this is a debug message
2022-04-11 21:50:14.698 INFO [main] [com.log4j.TestLog4j2x.main(TestLog4j2x.java:15)] - Hello this is an info message
2022-04-11 21:50:14.698 WARN [main] [com.log4j.TestLog4j2x.main(TestLog4j2x.java:16)] - Hello this is a warn message
2022-04-11 21:50:14.698 ERROR [main] [com.log4j.TestLog4j2x.main(TestLog4j2x.java:17)] - Hello this is an error message
2022-04-11 21:50:14.698 FATAL [main] [com.log4j.TestLog4j2x.main(TestLog4j2x.java:18)] - Hello this is a debug message
2022-04-11 22:20:41.333 DEBUG [main] [com.log4j.TestLog4j2x.main(TestLog4j2x.java:15)] - Hello this is a debug message
2022-04-11 22:20:41.344 INFO [main] [com.log4j.TestLog4j2x.main(TestLog4j2x.java:16)] - Hello this is an info message
2022-04-11 22:20:41.344 WARN [main] [com.log4j.TestLog4j2x.main(TestLog4j2x.java:17)] - Hello this is a warn message
2022-04-11 22:20:41.344 ERROR [main] [com.log4j.TestLog4j2x.main(TestLog4j2x.java:18)] - Hello this is an error message
2022-04-11 22:20:41.344 FATAL [main] [com.log4j.TestLog4j2x.main(TestLog4j2x.java:19)] - Hello this is a debug message
2022-04-11 22:20:41.344 INFO [main] [com.log4j.TestLog4j2x.main(TestLog4j2x.java:20)] - ========================
2022-04-11 22:36:27.061 DEBUG [main] [com.log4j.TestLog4j2x.main(TestLog4j2x.java:15)] - Hello this is a debug message
2022-04-11 22:36:27.063 INFO [main] [com.log4j.TestLog4j2x.main(TestLog4j2x.java:16)] - Hello this is an info message
2022-04-11 22:36:27.063 WARN [main] [com.log4j.TestLog4j2x.main(TestLog4j2x.java:17)] - Hello this is a warn message
2022-04-11 22:36:27.063 ERROR [main] [com.log4j.TestLog4j2x.main(TestLog4j2x.java:18)] - Hello this is an error message
2022-04-11 22:36:27.063 FATAL [main] [com.log4j.TestLog4j2x.main(TestLog4j2x.java:19)] - Hello this is a debug message
2022-04-11 22:36:27.063 INFO [main] [com.log4j.TestLog4j2x.main(TestLog4j2x.java:20)] - ========================
